<?xml version="1.0" encoding="UTF-8"?>
<!-- Generated by org.testng.reporters.JUnitXMLReporter -->
<testsuite hostname="C02Y10CZJGH5" ignored="0" name="test2" tests="3" failures="2" timestamp="25 May 2021 13:20:15 GMT" time="0.007" errors="0">
  <testcase name="@AfterTest tearDown" time="0.0" classname="com.newtours.testcases.BookFlight">
    <failure type="java.lang.NullPointerException">
      <![CDATA[java.lang.NullPointerException
at com.newtours.testcases.BookFlight.tearDown(BookFlight.java:79)
... Removed 24 stack frames]]>
    </failure>
  </testcase> <!-- @AfterTest tearDown -->
  <testcase name="login" time="0.001" classname="com.newtours.testcases.BookFlight">
    <failure type="java.lang.NullPointerException">
      <![CDATA[java.lang.NullPointerException
at org.openqa.selenium.support.pagefactory.DefaultElementLocator.findElement(DefaultElementLocator.java:69)
at org.openqa.selenium.support.pagefactory.internal.LocatingElementHandler.invoke(LocatingElementHandler.java:38)
at com.sun.proxy.$Proxy12.sendKeys(Unknown Source)
at com.newtours.pages.LoginPage.loginToDemoaut(LoginPage.java:35)
at com.newtours.testcases.BookFlight.login(BookFlight.java:44)
at java.util.concurrent.ThreadPoolExecutor.runWorker(ThreadPoolExecutor.java:1149)
at java.util.concurrent.ThreadPoolExecutor$Worker.run(ThreadPoolExecutor.java:624)
at java.lang.Thread.run(Thread.java:748)
... Removed 10 stack frames]]>
    </failure>
  </testcase> <!-- login -->
  <testcase name="selectFlight" time="0.002" classname="com.newtours.testcases.BookFlight">
    <failure type="java.lang.NullPointerException">
      <![CDATA[java.lang.NullPointerException
at org.openqa.selenium.support.pagefactory.DefaultElementLocator.findElement(DefaultElementLocator.java:69)
at org.openqa.selenium.support.pagefactory.internal.LocatingElementHandler.invoke(LocatingElementHandler.java:38)
at com.sun.proxy.$Proxy12.click(Unknown Source)
at com.newtours.pages.SelectFlightPage.selectFlights(SelectFlightPage.java:32)
at com.newtours.testcases.BookFlight.selectFlight(BookFlight.java:71)
at java.util.concurrent.ThreadPoolExecutor.runWorker(ThreadPoolExecutor.java:1149)
at java.util.concurrent.ThreadPoolExecutor$Worker.run(ThreadPoolExecutor.java:624)
at java.lang.Thread.run(Thread.java:748)
... Removed 10 stack frames]]>
    </failure>
  </testcase> <!-- selectFlight -->
  <testcase name="findFlight" time="0.0" classname="com.newtours.testcases.BookFlight">
    <skipped/>
  </testcase> <!-- findFlight -->
</testsuite> <!-- test2 -->
